<?xml version="1.0" encoding="UTF-8"?>
<!-- Generated by org.testng.reporters.JUnitXMLReporter -->
<testsuite hostname="USLBXS0062" tests="5" failures="0" timestamp="14 Sep 2017 00:02:47 GMT" time="7.543" errors="0">
  <testcase name="f" time="3.802" classname="TestSysoutFail"/>
  <testcase name="f" time="3.708" classname="TestGoogleSearch"/>
  <testcase name="test1" time="0.001" classname="TestAssertions"/>
  <testcase name="test2" time="0.016" classname="TestAssertions"/>
  <testcase name="test3" time="0.0" classname="TestAssertions"/>
</testsuite>
