<?xml version="1.0" encoding="UTF-8"?>
<!-- Generated by org.testng.reporters.JUnitXMLReporter -->
<testsuite hostname="USLBXS0062" ignored="0" tests="5" failures="0" timestamp="14 Sep 2017 00:14:00 GMT" time="10.779" errors="0">
  <testcase name="test1" time="0.016" classname="TestAssertions"/>
  <testcase name="test2" time="0.0" classname="TestAssertions"/>
  <testcase name="test3" time="0.0" classname="TestAssertions"/>
  <testcase name="GoogleSearchf" time="4.899" classname="TestGoogleSearch"/>
  <testcase name="ZephyrTestWH" time="5.802" classname="TestSysoutWH"/>
</testsuite>
